### 01.10.2020 21:19:25
Array
(
    [catalog] => Array
        (
            [0] => Array
                (
                    [name] => Пицца
                    [price] => 24
                )

            [1] => Array
                (
                    [name] => Чай
                    [price] => 1
                )

            [2] => Array
                (
                    [name] => Яблоко
                    [price] => 12
                )

        )

)



### 01.10.2020 21:21:20
Array
(
    [catalog] => Array
        (
            [0] => Array
                (
                    [name] => Пицца
                    [price] => 24
                )

            [1] => Array
                (
                    [name] => Чай
                    [price] => 1
                )

            [2] => Array
                (
                    [name] => Яблоко
                    [price] => 12
                )

        )

)



### 01.10.2020 21:21:21
Array
(
)



### 01.10.2020 21:25:15
Array
(
    [gallery] => Array
        (
        )

)



### 01.10.2020 21:27:03
Array
(
    [gallery] => Array
        (
        )

)



### 01.10.2020 21:27:04
Array
(
    [catalog] => Array
        (
            [0] => Array
                (
                    [name] => Пицца
                    [price] => 24
                )

            [1] => Array
                (
                    [name] => Чай
                    [price] => 1
                )

            [2] => Array
                (
                    [name] => Яблоко
                    [price] => 12
                )

        )

)



### 01.10.2020 21:27:05
Array
(
    [gallery] => Array
        (
        )

)



### 01.10.2020 21:27:07
Array
(
    [catalog] => Array
        (
            [0] => Array
                (
                    [name] => Пицца
                    [price] => 24
                )

            [1] => Array
                (
                    [name] => Чай
                    [price] => 1
                )

            [2] => Array
                (
                    [name] => Яблоко
                    [price] => 12
                )

        )

)



### 05.10.2020 20:55:47
Array
(
    [name] => admin
)



### 05.10.2020 20:55:53
Array
(
    [catalog] => Array
        (
            [0] => Array
                (
                    [name] => Пицца
                    [price] => 24
                )

            [1] => Array
                (
                    [name] => Чай
                    [price] => 1
                )

            [2] => Array
                (
                    [name] => Яблоко
                    [price] => 12
                )

        )

)



### 05.10.2020 20:55:54
Array
(
    [gallery] => Array
        (
        )

)



### 05.10.2020 20:58:19
Array
(
    [name] => admin
)



### 05.10.2020 21:00:35
Array
(
    [name] => admin
)



### 05.10.2020 21:00:45
Array
(
    [name] => admin
)



### 05.10.2020 21:01:31
Array
(
    [name] => admin
)



### 05.10.2020 21:02:21
Array
(
    [name] => admin
)



### 05.10.2020 21:02:44
Array
(
    [name] => admin
)



### 05.10.2020 21:02:55
Array
(
    [name] => admin
)



### 05.10.2020 21:04:15
Array
(
    [catalog] => Array
        (
            [0] => Array
                (
                    [name] => Пицца
                    [price] => 24
                )

            [1] => Array
                (
                    [name] => Чай
                    [price] => 1
                )

            [2] => Array
                (
                    [name] => Яблоко
                    [price] => 12
                )

        )

)



### 05.10.2020 21:04:41
Array
(
    [catalog] => Array
        (
            [0] => Array
                (
                    [name] => Пицца
                    [price] => 24
                )

            [1] => Array
                (
                    [name] => Чай
                    [price] => 1
                )

            [2] => Array
                (
                    [name] => Яблоко
                    [price] => 12
                )

        )

)



### 05.10.2020 21:04:41
Array
(
    [name] => admin
)



### 05.10.2020 21:04:42
Array
(
    [catalog] => Array
        (
            [0] => Array
                (
                    [name] => Пицца
                    [price] => 24
                )

            [1] => Array
                (
                    [name] => Чай
                    [price] => 1
                )

            [2] => Array
                (
                    [name] => Яблоко
                    [price] => 12
                )

        )

)



### 05.10.2020 21:04:43
Array
(
    [gallery] => Array
        (
        )

)



### 05.10.2020 21:04:46
Array
(
)



### 05.10.2020 21:20:11
Array
(
    [news] => Array
        (
            [0] => Array
                (
                    [id] => 1
                    [title] => Опубликованы детали разговора Путина и Клинтона о гибели подлодки "Курск"
                    [text] => МОСКВА, 5 окт — РИА Новости. Цифровая библиотека Билла Клинтона рассекретила стенограммы бесед экс-президента США с Владимиром Путиным, одна из которых касалась катастрофы подводной лодки "Курск" в августе 2000 года.
Встреча лидеров двух стран состоялась 6 сентября 2000 года в президентском номере нью-йоркской гостиницы Waldorf Astoria.
В начале беседы Клинтон выразил соболезнования в связи с гибелью "Курска", а Путин признал, что у него не было хорошего варианта в сложившейся ситуации.
                )

            [1] => Array
                (
                    [id] => 2
                    [title] => ОЗХО направит в Россию экспертов для расследования по делу Навального
                    [text] => МОСКВА, 5 окт — РИА Новости. Организация по запрещению химического оружия (ОЗХО) готова предоставить России группу экспертов для расследования инцидента с Алексеем Навальным.
Соответствующее обращение из Москвы поступило 1 октября.
"Второго октября генеральный директор ОЗХО Фернандо Ариас ответил на этот запрос письмом на имя постоянного представителя России при ОЗХО. Он заверил <...>, что технический секретариат готов предоставить запрашиваемую экспертизу и что группа экспертов может быть размещена в короткие сроки", — сказано в сообщении.
Отмечается, что гендиректор попросил российскую сторону дать дополнительные разъяснения относительно типа запрашиваемой экспертизы, а также поблагодарил за доверие.
                )

        )

)



### 05.10.2020 21:21:53
Array
(
    [news] => Array
        (
            [0] => Array
                (
                    [id] => 1
                    [title] => Опубликованы детали разговора Путина и Клинтона о гибели подлодки "Курск"
                    [text] => МОСКВА, 5 окт — РИА Новости. Цифровая библиотека Билла Клинтона рассекретила стенограммы бесед экс-президента США с Владимиром Путиным, одна из которых касалась катастрофы подводной лодки "Курск" в августе 2000 года.
Встреча лидеров двух стран состоялась 6 сентября 2000 года в президентском номере нью-йоркской гостиницы Waldorf Astoria.
В начале беседы Клинтон выразил соболезнования в связи с гибелью "Курска", а Путин признал, что у него не было хорошего варианта в сложившейся ситуации.
                )

            [1] => Array
                (
                    [id] => 2
                    [title] => ОЗХО направит в Россию экспертов для расследования по делу Навального
                    [text] => МОСКВА, 5 окт — РИА Новости. Организация по запрещению химического оружия (ОЗХО) готова предоставить России группу экспертов для расследования инцидента с Алексеем Навальным.
Соответствующее обращение из Москвы поступило 1 октября.
"Второго октября генеральный директор ОЗХО Фернандо Ариас ответил на этот запрос письмом на имя постоянного представителя России при ОЗХО. Он заверил <...>, что технический секретариат готов предоставить запрашиваемую экспертизу и что группа экспертов может быть размещена в короткие сроки", — сказано в сообщении.
Отмечается, что гендиректор попросил российскую сторону дать дополнительные разъяснения относительно типа запрашиваемой экспертизы, а также поблагодарил за доверие.
                )

        )

)



### 05.10.2020 21:24:46
Array
(
    [news] => Array
        (
            [0] => Array
                (
                    [id] => 1
                    [title] => Опубликованы детали разговора Путина и Клинтона о гибели подлодки "Курск"
                    [text] => МОСКВА, 5 окт — РИА Новости. Цифровая библиотека Билла Клинтона рассекретила стенограммы бесед экс-президента США с Владимиром Путиным, одна из которых касалась катастрофы подводной лодки "Курск" в августе 2000 года.
Встреча лидеров двух стран состоялась 6 сентября 2000 года в президентском номере нью-йоркской гостиницы Waldorf Astoria.
В начале беседы Клинтон выразил соболезнования в связи с гибелью "Курска", а Путин признал, что у него не было хорошего варианта в сложившейся ситуации.
                )

        )

)



### 05.10.2020 21:25:11
Array
(
    [news] => Array
        (
            [id] => 1
            [title] => Опубликованы детали разговора Путина и Клинтона о гибели подлодки "Курск"
            [text] => МОСКВА, 5 окт — РИА Новости. Цифровая библиотека Билла Клинтона рассекретила стенограммы бесед экс-президента США с Владимиром Путиным, одна из которых касалась катастрофы подводной лодки "Курск" в августе 2000 года.
Встреча лидеров двух стран состоялась 6 сентября 2000 года в президентском номере нью-йоркской гостиницы Waldorf Astoria.
В начале беседы Клинтон выразил соболезнования в связи с гибелью "Курска", а Путин признал, что у него не было хорошего варианта в сложившейся ситуации.
        )

)



### 05.10.2020 21:25:47
Array
(
    [news] => Array
        (
            [id] => 1
            [title] => Опубликованы детали разговора Путина и Клинтона о гибели подлодки "Курск"
            [text] => МОСКВА, 5 окт — РИА Новости. Цифровая библиотека Билла Клинтона рассекретила стенограммы бесед экс-президента США с Владимиром Путиным, одна из которых касалась катастрофы подводной лодки "Курск" в августе 2000 года.
Встреча лидеров двух стран состоялась 6 сентября 2000 года в президентском номере нью-йоркской гостиницы Waldorf Astoria.
В начале беседы Клинтон выразил соболезнования в связи с гибелью "Курска", а Путин признал, что у него не было хорошего варианта в сложившейся ситуации.
        )

)



### 05.10.2020 21:25:49
Array
(
    [news] => Array
        (
            [0] => Array
                (
                    [id] => 1
                    [title] => Опубликованы детали разговора Путина и Клинтона о гибели подлодки "Курск"
                    [text] => МОСКВА, 5 окт — РИА Новости. Цифровая библиотека Билла Клинтона рассекретила стенограммы бесед экс-президента США с Владимиром Путиным, одна из которых касалась катастрофы подводной лодки "Курск" в августе 2000 года.
Встреча лидеров двух стран состоялась 6 сентября 2000 года в президентском номере нью-йоркской гостиницы Waldorf Astoria.
В начале беседы Клинтон выразил соболезнования в связи с гибелью "Курска", а Путин признал, что у него не было хорошего варианта в сложившейся ситуации.
                )

            [1] => Array
                (
                    [id] => 2
                    [title] => ОЗХО направит в Россию экспертов для расследования по делу Навального
                    [text] => МОСКВА, 5 окт — РИА Новости. Организация по запрещению химического оружия (ОЗХО) готова предоставить России группу экспертов для расследования инцидента с Алексеем Навальным.
Соответствующее обращение из Москвы поступило 1 октября.
"Второго октября генеральный директор ОЗХО Фернандо Ариас ответил на этот запрос письмом на имя постоянного представителя России при ОЗХО. Он заверил <...>, что технический секретариат готов предоставить запрашиваемую экспертизу и что группа экспертов может быть размещена в короткие сроки", — сказано в сообщении.
Отмечается, что гендиректор попросил российскую сторону дать дополнительные разъяснения относительно типа запрашиваемой экспертизы, а также поблагодарил за доверие.
                )

        )

)



### 05.10.2020 21:25:50
Array
(
    [news] => Array
        (
            [id] => 2
            [title] => ОЗХО направит в Россию экспертов для расследования по делу Навального
            [text] => МОСКВА, 5 окт — РИА Новости. Организация по запрещению химического оружия (ОЗХО) готова предоставить России группу экспертов для расследования инцидента с Алексеем Навальным.
Соответствующее обращение из Москвы поступило 1 октября.
"Второго октября генеральный директор ОЗХО Фернандо Ариас ответил на этот запрос письмом на имя постоянного представителя России при ОЗХО. Он заверил <...>, что технический секретариат готов предоставить запрашиваемую экспертизу и что группа экспертов может быть размещена в короткие сроки", — сказано в сообщении.
Отмечается, что гендиректор попросил российскую сторону дать дополнительные разъяснения относительно типа запрашиваемой экспертизы, а также поблагодарил за доверие.
        )

)



### 05.10.2020 21:25:56
Array
(
    [news] => 
)



### 05.10.2020 21:26:48
Array
(
    [name] => admin
)



### 05.10.2020 21:26:50
Array
(
    [news] => Array
        (
            [0] => Array
                (
                    [id] => 1
                    [title] => Опубликованы детали разговора Путина и Клинтона о гибели подлодки "Курск"
                    [text] => МОСКВА, 5 окт — РИА Новости. Цифровая библиотека Билла Клинтона рассекретила стенограммы бесед экс-президента США с Владимиром Путиным, одна из которых касалась катастрофы подводной лодки "Курск" в августе 2000 года.
Встреча лидеров двух стран состоялась 6 сентября 2000 года в президентском номере нью-йоркской гостиницы Waldorf Astoria.
В начале беседы Клинтон выразил соболезнования в связи с гибелью "Курска", а Путин признал, что у него не было хорошего варианта в сложившейся ситуации.
                )

            [1] => Array
                (
                    [id] => 2
                    [title] => ОЗХО направит в Россию экспертов для расследования по делу Навального
                    [text] => МОСКВА, 5 окт — РИА Новости. Организация по запрещению химического оружия (ОЗХО) готова предоставить России группу экспертов для расследования инцидента с Алексеем Навальным.
Соответствующее обращение из Москвы поступило 1 октября.
"Второго октября генеральный директор ОЗХО Фернандо Ариас ответил на этот запрос письмом на имя постоянного представителя России при ОЗХО. Он заверил <...>, что технический секретариат готов предоставить запрашиваемую экспертизу и что группа экспертов может быть размещена в короткие сроки", — сказано в сообщении.
Отмечается, что гендиректор попросил российскую сторону дать дополнительные разъяснения относительно типа запрашиваемой экспертизы, а также поблагодарил за доверие.
                )

        )

)



